<?xml version="1.0" encoding="UTF-8"?>
<!-- Generated by org.testng.reporters.JUnitReportReporter -->
<testsuite hostname="KOUSHIK" failures="0" tests="3" name="TestCases.LoginTest" time="3.981" errors="0" timestamp="2023-10-15T11:12:46 IST" skipped="0">
  <testcase classname="TestCases.LoginTest" name="testLogin" time="1.379"/>
  <testcase classname="TestCases.LoginTest" name="testLogin" time="1.140"/>
  <testcase classname="TestCases.LoginTest" name="testLogin" time="1.462"/>
</testsuite> <!-- TestCases.LoginTest -->
