<?xml version="1.0" encoding="UTF-8"?>
<!-- Generated by org.testng.reporters.JUnitReportReporter -->
<testsuite hostname="KOUSHIK" failures="0" tests="1" name="LoginFunctionality.EmptyFields" time="5.241" errors="0" timestamp="2023-10-15T20:01:45 IST" skipped="0">
  <testcase classname="LoginFunctionality.EmptyFields" name="testLoginWithEmptyFields" time="5.241"/>
</testsuite> <!-- LoginFunctionality.EmptyFields -->
