<?xml version="1.0" encoding="UTF-8"?>
<!-- Generated by org.testng.reporters.JUnitReportReporter -->
<testsuite hostname="KOUSHIK" failures="0" tests="1" name="LoginFunctionality.ValidInputs" time="15.614" errors="0" timestamp="2023-10-15T12:53:28 IST" skipped="0">
  <testcase classname="LoginFunctionality.ValidInputs" name="testLoginWithValidCredentials" time="15.614"/>
</testsuite> <!-- LoginFunctionality.ValidInputs -->
