<?xml version="1.0" encoding="UTF-8"?>
<!-- Generated by org.testng.reporters.JUnitReportReporter -->
<testsuite hostname="KOUSHIK" failures="0" tests="1" name="a_LoginFunctionality.EmptyFields" time="5.244" errors="0" timestamp="2023-10-16T22:39:04 IST" skipped="0">
  <testcase classname="a_LoginFunctionality.EmptyFields" name="testLoginWithEmptyFields" time="5.244"/>
</testsuite> <!-- a_LoginFunctionality.EmptyFields -->
