<?xml version="1.0" encoding="UTF-8"?>
<!-- Generated by org.testng.reporters.JUnitReportReporter -->
<testsuite hostname="KOUSHIK" failures="0" tests="3" name="LoginFunctionality.InvalidInputs" time="4.089" errors="0" timestamp="2023-10-16T20:43:28 IST" skipped="0">
  <testcase classname="LoginFunctionality.InvalidInputs" name="testLogin" time="1.342"/>
  <testcase classname="LoginFunctionality.InvalidInputs" name="testLogin" time="1.262"/>
  <testcase classname="LoginFunctionality.InvalidInputs" name="testLogin" time="1.485"/>
</testsuite> <!-- LoginFunctionality.InvalidInputs -->
