<?xml version="1.0" encoding="UTF-8"?>
<!-- Generated by org.testng.reporters.JUnitReportReporter -->
<testsuite hostname="KOUSHIK" failures="0" tests="1" name="a_LoginFunctionality.ValidInputs" time="16.119" errors="0" timestamp="2023-10-16T22:40:04 IST" skipped="0">
  <testcase classname="a_LoginFunctionality.ValidInputs" name="testLoginWithValidCredentials" time="16.119"/>
</testsuite> <!-- a_LoginFunctionality.ValidInputs -->
