<?xml version="1.0" encoding="UTF-8"?>
<!-- Generated by org.testng.reporters.JUnitReportReporter -->
<testsuite hostname="KOUSHIK" failures="0" tests="1" name="HelpToolFunctionalityOrangeHrm.HelpTool" time="6.674" errors="0" timestamp="2023-10-16T19:59:36 IST" skipped="0">
  <testcase classname="HelpToolFunctionalityOrangeHrm.HelpTool" name="testLoginAndHelptool" time="6.674"/>
</testsuite> <!-- HelpToolFunctionalityOrangeHrm.HelpTool -->
